2019-11-26 00:04:52.897  INFO 18084 --- [restartedMain] c.a.p.f.PersonalFinanceApplication       : Starting PersonalFinanceApplication on DESKTOP-F7C1NIJ with PID 18084 (C:\dev\spring-boot-finances\target\classes started by wande in C:\dev\spring-boot-finances)
2019-11-26 00:04:52.905  INFO 18084 --- [restartedMain] c.a.p.f.PersonalFinanceApplication       : The following profiles are active: dev
2019-11-26 00:04:53.012  INFO 18084 --- [restartedMain] o.s.b.devtools.restart.ChangeableUrls    : The Class-Path manifest attribute in C:\Users\wande\.m2\repository\org\glassfish\jaxb\jaxb-runtime\2.3.2\jaxb-runtime-2.3.2.jar referenced one or more files that do not exist: file:/C:/Users/wande/.m2/repository/org/glassfish/jaxb/jaxb-runtime/2.3.2/jakarta.xml.bind-api-2.3.2.jar,file:/C:/Users/wande/.m2/repository/org/glassfish/jaxb/jaxb-runtime/2.3.2/txw2-2.3.2.jar,file:/C:/Users/wande/.m2/repository/org/glassfish/jaxb/jaxb-runtime/2.3.2/istack-commons-runtime-3.0.8.jar,file:/C:/Users/wande/.m2/repository/org/glassfish/jaxb/jaxb-runtime/2.3.2/stax-ex-1.8.1.jar,file:/C:/Users/wande/.m2/repository/org/glassfish/jaxb/jaxb-runtime/2.3.2/FastInfoset-1.2.16.jar,file:/C:/Users/wande/.m2/repository/org/glassfish/jaxb/jaxb-runtime/2.3.2/jakarta.activation-api-1.2.1.jar
2019-11-26 00:04:53.013  INFO 18084 --- [restartedMain] .e.DevToolsPropertyDefaultsPostProcessor : Devtools property defaults active! Set 'spring.devtools.add-properties' to 'false' to disable
2019-11-26 00:04:53.014  INFO 18084 --- [restartedMain] .e.DevToolsPropertyDefaultsPostProcessor : For additional web related logging consider setting the 'logging.level.web' property to 'DEBUG'
2019-11-26 00:04:53.809  INFO 18084 --- [restartedMain] .s.d.r.c.RepositoryConfigurationDelegate : Bootstrapping Spring Data repositories in DEFAULT mode.
2019-11-26 00:04:53.892  INFO 18084 --- [restartedMain] .s.d.r.c.RepositoryConfigurationDelegate : Finished Spring Data repository scanning in 72ms. Found 3 repository interfaces.
2019-11-26 00:04:54.231  INFO 18084 --- [restartedMain] trationDelegate$BeanPostProcessorChecker : Bean 'org.springframework.transaction.annotation.ProxyTransactionManagementConfiguration' of type [org.springframework.transaction.annotation.ProxyTransactionManagementConfiguration] is not eligible for getting processed by all BeanPostProcessors (for example: not eligible for auto-proxying)
2019-11-26 00:04:54.537  INFO 18084 --- [restartedMain] o.s.b.w.embedded.tomcat.TomcatWebServer  : Tomcat initialized with port(s): 8181 (http)
2019-11-26 00:04:54.549  INFO 18084 --- [restartedMain] o.apache.catalina.core.StandardService   : Starting service [Tomcat]
2019-11-26 00:04:54.549  INFO 18084 --- [restartedMain] org.apache.catalina.core.StandardEngine  : Starting Servlet engine: [Apache Tomcat/9.0.27]
2019-11-26 00:04:54.647  INFO 18084 --- [restartedMain] o.a.c.c.C.[.[localhost].[/finance/api]   : Initializing Spring embedded WebApplicationContext
2019-11-26 00:04:54.647  INFO 18084 --- [restartedMain] o.s.web.context.ContextLoader            : Root WebApplicationContext: initialization completed in 1633 ms
2019-11-26 00:04:54.772  INFO 18084 --- [restartedMain] o.f.c.internal.license.VersionPrinter    : Flyway Community Edition 6.0.8 by Redgate
2019-11-26 00:04:54.778  INFO 18084 --- [restartedMain] com.zaxxer.hikari.HikariDataSource       : HikariPool-1 - Starting...
2019-11-26 00:04:54.895  INFO 18084 --- [restartedMain] com.zaxxer.hikari.HikariDataSource       : HikariPool-1 - Start completed.
2019-11-26 00:04:54.912  INFO 18084 --- [restartedMain] o.f.c.internal.database.DatabaseFactory  : Database: jdbc:postgresql://localhost:5432/finance (PostgreSQL 11.4)
2019-11-26 00:04:54.984  INFO 18084 --- [restartedMain] o.f.core.internal.command.DbValidate     : Successfully validated 3 migrations (execution time 00:00.052s)
2019-11-26 00:04:54.989  INFO 18084 --- [restartedMain] o.f.core.internal.command.DbMigrate      : Current version of schema "public": 03
2019-11-26 00:04:54.990  INFO 18084 --- [restartedMain] o.f.core.internal.command.DbMigrate      : Schema "public" is up to date. No migration necessary.
2019-11-26 00:04:55.118  INFO 18084 --- [restartedMain] o.hibernate.jpa.internal.util.LogHelper  : HHH000204: Processing PersistenceUnitInfo [name: default]
2019-11-26 00:04:55.504  INFO 18084 --- [restartedMain] org.hibernate.Version                    : HHH000412: Hibernate Core {5.4.8.Final}
2019-11-26 00:04:55.789  INFO 18084 --- [restartedMain] o.hibernate.annotations.common.Version   : HCANN000001: Hibernate Commons Annotations {5.1.0.Final}
2019-11-26 00:04:55.959  INFO 18084 --- [restartedMain] org.hibernate.dialect.Dialect            : HHH000400: Using dialect: org.hibernate.dialect.PostgreSQL95Dialect
2019-11-26 00:04:56.695  INFO 18084 --- [restartedMain] o.h.e.t.j.p.i.JtaPlatformInitiator       : HHH000490: Using JtaPlatform implementation: [org.hibernate.engine.transaction.jta.platform.internal.NoJtaPlatform]
2019-11-26 00:04:56.704  INFO 18084 --- [restartedMain] j.LocalContainerEntityManagerFactoryBean : Initialized JPA EntityManagerFactory for persistence unit 'default'
2019-11-26 00:04:56.736  INFO 18084 --- [restartedMain] o.s.b.d.a.OptionalLiveReloadServer       : LiveReload server is running on port 35729
2019-11-26 00:04:57.102  WARN 18084 --- [restartedMain] JpaBaseConfiguration$JpaWebConfiguration : spring.jpa.open-in-view is enabled by default. Therefore, database queries may be performed during view rendering. Explicitly configure spring.jpa.open-in-view to disable this warning
2019-11-26 00:04:57.212  INFO 18084 --- [restartedMain] o.s.s.concurrent.ThreadPoolTaskExecutor  : Initializing ExecutorService 'applicationTaskExecutor'
2019-11-26 00:04:57.447  INFO 18084 --- [restartedMain] o.s.b.w.embedded.tomcat.TomcatWebServer  : Tomcat started on port(s): 8181 (http) with context path '/finance/api'
2019-11-26 00:04:57.453  INFO 18084 --- [restartedMain] c.a.p.f.PersonalFinanceApplication       : Started PersonalFinanceApplication in 4.904 seconds (JVM running for 5.806)
2019-11-26 00:06:57.174  INFO 18084 --- [http-nio-8181-exec-6] o.a.c.c.C.[.[localhost].[/finance/api]   : Initializing Spring DispatcherServlet 'dispatcherServlet'
2019-11-26 00:06:57.175  INFO 18084 --- [http-nio-8181-exec-6] o.s.web.servlet.DispatcherServlet        : Initializing Servlet 'dispatcherServlet'
2019-11-26 00:06:57.185  INFO 18084 --- [http-nio-8181-exec-6] o.s.web.servlet.DispatcherServlet        : Completed initialization in 9 ms
2019-11-26 00:08:26.315  WARN 18084 --- [http-nio-8181-exec-4] .m.m.a.ExceptionHandlerExceptionResolver : Resolved [org.springframework.validation.BindException: org.springframework.validation.BeanPropertyBindingResult: 1 errors
Field error in object 'entryFilter' on field 'dateExpiryOf': rejected value [2017-06-10?page=1]; codes [typeMismatch.entryFilter.dateExpiryOf,typeMismatch.dateExpiryOf,typeMismatch.java.time.LocalDate,typeMismatch]; arguments [org.springframework.context.support.DefaultMessageSourceResolvable: codes [entryFilter.dateExpiryOf,dateExpiryOf]; arguments []; default message [dateExpiryOf]]; default message [Failed to convert property value of type 'java.lang.String' to required type 'java.time.LocalDate' for property 'dateExpiryOf'; nested exception is org.springframework.core.convert.ConversionFailedException: Failed to convert from type [java.lang.String] to type [@org.springframework.format.annotation.DateTimeFormat java.time.LocalDate] for value '2017-06-10?page=1'; nested exception is java.lang.IllegalArgumentException: Parse attempt failed for value [2017-06-10?page=1]]]
2019-11-26 00:08:37.322  WARN 18084 --- [http-nio-8181-exec-3] .m.m.a.ExceptionHandlerExceptionResolver : Resolved [org.springframework.validation.BindException: org.springframework.validation.BeanPropertyBindingResult: 1 errors
Field error in object 'entryFilter' on field 'dateExpiryOf': rejected value [2017-06-10?page=0]; codes [typeMismatch.entryFilter.dateExpiryOf,typeMismatch.dateExpiryOf,typeMismatch.java.time.LocalDate,typeMismatch]; arguments [org.springframework.context.support.DefaultMessageSourceResolvable: codes [entryFilter.dateExpiryOf,dateExpiryOf]; arguments []; default message [dateExpiryOf]]; default message [Failed to convert property value of type 'java.lang.String' to required type 'java.time.LocalDate' for property 'dateExpiryOf'; nested exception is org.springframework.core.convert.ConversionFailedException: Failed to convert from type [java.lang.String] to type [@org.springframework.format.annotation.DateTimeFormat java.time.LocalDate] for value '2017-06-10?page=0'; nested exception is java.lang.IllegalArgumentException: Parse attempt failed for value [2017-06-10?page=0]]]
2019-11-26 00:21:55.734  INFO 18084 --- [RMI TCP Connection(21)-127.0.0.1] inMXBeanRegistrar$SpringApplicationAdmin : Application shutdown requested.
2019-11-26 00:21:55.739  INFO 18084 --- [RMI TCP Connection(21)-127.0.0.1] o.s.s.concurrent.ThreadPoolTaskExecutor  : Shutting down ExecutorService 'applicationTaskExecutor'
2019-11-26 00:21:55.740  INFO 18084 --- [RMI TCP Connection(21)-127.0.0.1] j.LocalContainerEntityManagerFactoryBean : Closing JPA EntityManagerFactory for persistence unit 'default'
2019-11-26 00:21:55.763  INFO 18084 --- [RMI TCP Connection(21)-127.0.0.1] com.zaxxer.hikari.HikariDataSource       : HikariPool-1 - Shutdown initiated...
2019-11-26 00:21:55.771  INFO 18084 --- [RMI TCP Connection(21)-127.0.0.1] com.zaxxer.hikari.HikariDataSource       : HikariPool-1 - Shutdown completed.
